<?xml version="1.0" encoding="UTF-8"?>
<testng-results ignored="0" total="1" passed="1" failed="0" skipped="0">
  <reporter-output>
  </reporter-output>
  <suite started-at="2022-08-17T09:45:31 IST" name="Default suite" finished-at="2022-08-17T09:45:40 IST" duration-ms="8801">
    <groups>
    </groups>
    <test started-at="2022-08-17T09:45:31 IST" name="Default test" finished-at="2022-08-17T09:45:40 IST" duration-ms="8801">
      <class name="com.Automation.Test.LoginTest">
        <test-method is-config="true" signature="Precondition()[pri:0, instance:com.Automation.Test.LoginTest@2e222612]" started-at="2022-08-17T09:45:31 IST" name="Precondition" finished-at="2022-08-17T09:45:33 IST" duration-ms="1191" status="PASS">
          <reporter-output>
          </reporter-output>
        </test-method> <!-- Precondition -->
        <test-method signature="VerifysuccessfulLogin()[pri:0, instance:com.Automation.Test.LoginTest@2e222612]" started-at="2022-08-17T09:45:33 IST" name="VerifysuccessfulLogin" finished-at="2022-08-17T09:45:40 IST" duration-ms="7584" status="PASS">
          <reporter-output>
          </reporter-output>
        </test-method> <!-- VerifysuccessfulLogin -->
      </class> <!-- com.Automation.Test.LoginTest -->
    </test> <!-- Default test -->
  </suite> <!-- Default suite -->
</testng-results>
